Jul  2 21:43:15 ** DGD 1.6.20 running GurbaLib v0.52.
Jul  2 21:43:15 ** State restored.
Jul  2 21:43:43 ** New telnet connection from <unknown>:0
Jul  2 21:48:16 ** Sat Jul  2 21:48:16 2022: DRIVER :/sys/obj/user.c, 208: syntax error
Jul  2 21:48:16 ** Sat Jul  2 21:48:16 2022: DRIVER :/sys/obj/user.c, 212: declaration after statement
Jul  2 21:48:16 ** Sat Jul  2 21:48:16 2022: DRIVER :/sys/obj/user.c, 213: declaration after statement
Jul  2 21:48:16 ** :Failed to compile "/sys/obj/user.c"
Jul  2 21:48:16 ** Sat Jul  2 21:48:16 2022:Object: /kernel/sys/driver, program: /kernel/sys/driver, line 184
Jul  2 21:48:16 **   21 _F_call_out       /kernel/lib/auto (/sys/cmds/admin/warmboot)
Jul  2 21:48:16 **   13 _F_call_out2      /kernel/lib/auto (/sys/cmds/admin/warmboot)
Jul  2 21:48:16 **  231 next_stage        /sys/cmds/admin/warmboot
Jul  2 21:48:16 **  197 rebuild_world     /sys/cmds/admin/warmboot
Jul  2 21:48:16 **  143 upgrade_uobj      /sys/cmds/admin/warmboot
Jul  2 21:48:16 **   33 compile_object    /kernel/lib/auto (/sys/cmds/admin/warmboot)
Jul  2 21:48:16 **  184 compile_object    /kernel/sys/driver
Jul  2 21:48:35 ** Sat Jul  2 21:48:35 2022:evilmog:/sys/obj/user.c, 208: syntax error
Jul  2 21:48:35 ** Sat Jul  2 21:48:35 2022:evilmog:/sys/obj/user.c, 212: declaration after statement
Jul  2 21:48:35 ** Sat Jul  2 21:48:35 2022:evilmog:/sys/obj/user.c, 213: declaration after statement
Jul  2 21:48:35 ** :Failed to compile "/sys/obj/user.c"
Jul  2 21:48:35 ** Sat Jul  2 21:48:35 2022:Object: /kernel/sys/driver, program: /kernel/sys/driver, line 184
Jul  2 21:48:35 **  554 receive_message   /sys/obj/user (#120)
Jul  2 21:48:35 **  169 receive           /sys/lib/telnet (/sys/obj/user#120)
Jul  2 21:48:35 **  549 _receive_message  /sys/obj/user (#120)
Jul  2 21:48:35 ** 1644 receive_message   /sys/obj/player (#269)
Jul  2 21:48:35 **  155 command           /sys/lib/modules/m_cmds (/sys/obj/player#269)
Jul  2 21:48:35 **  156 exec_command      /sys/daemons/command_d
Jul  2 21:48:35 **   14 _main             /sys/lib/modules/m_command (/sys/cmds/wiz/update)
Jul  2 21:48:35 **  160 main              /sys/cmds/wiz/update
Jul  2 21:48:35 **   71 recompile_object  /sys/cmds/wiz/update
Jul  2 21:48:35 **   33 compile_object    /kernel/lib/auto (/sys/cmds/wiz/update)
Jul  2 21:48:35 **  184 compile_object    /kernel/sys/driver
Jul  2 21:50:01 ** New telnet connection from <unknown>:0
Jul  2 21:51:12 ** New telnet connection from <unknown>:0
Jul  2 21:51:40 ** New telnet connection from <unknown>:0
